CreateDirectory: "D:\Nam3-HK1\Phan Mem Su Dung\BB FlashBack Pro 5" created
File: overwriteflag=0, allowskipfilesflag=2, name="bcbie170.bpl"
File: wrote 178040 to "D:\Nam3-HK1\Phan Mem Su Dung\BB FlashBack Pro 5\bcbie170.bpl"
File: overwriteflag=0, allowskipfilesflag=2, name="borlndmm.dll"
File: wrote 47480 to "D:\Nam3-HK1\Phan Mem Su Dung\BB FlashBack Pro 5\borlndmm.dll"
File: overwriteflag=0, allowskipfilesflag=2, name="cc32120mt.dll"
File: wrote 1051512 to "D:\Nam3-HK1\Phan Mem Su Dung\BB FlashBack Pro 5\cc32120mt.dll"
File: overwriteflag=0, allowskipfilesflag=2, name="dbrtl170.bpl"
File: wrote 616824 to "D:\Nam3-HK1\Phan Mem Su Dung\BB FlashBack Pro 5\dbrtl170.bpl"
File: overwriteflag=0, allowskipfilesflag=2, name="dsnap170.bpl"
File: wrote 391544 to "D:\Nam3-HK1\Phan Mem Su Dung\BB FlashBack Pro 5\dsnap170.bpl"
File: overwriteflag=0, allowskipfilesflag=2, name="inet170.bpl"
File: wrote 268664 to "D:\Nam3-HK1\Phan Mem Su Dung\BB FlashBack Pro 5\inet170.bpl"
File: overwriteflag=0, allowskipfilesflag=2, name="rtl170.bpl"
File: wrote 3753848 to "D:\Nam3-HK1\Phan Mem Su Dung\BB FlashBack Pro 5\rtl170.bpl"
File: overwriteflag=0, allowskipfilesflag=2, name="soaprtl170.bpl"
File: wrote 785272 to "D:\Nam3-HK1\Phan Mem Su Dung\BB FlashBack Pro 5\soaprtl170.bpl"
File: overwriteflag=0, allowskipfilesflag=2, name="vcl170.bpl"
File: wrote 3618168 to "D:\Nam3-HK1\Phan Mem Su Dung\BB FlashBack Pro 5\vcl170.bpl"
File: overwriteflag=0, allowskipfilesflag=2, name="vclactnband170.bpl"
File: wrote 454520 to "D:\Nam3-HK1\Phan Mem Su Dung\BB FlashBack Pro 5\vclactnband170.bpl"
File: overwriteflag=0, allowskipfilesflag=2, name="vclimg170.bpl"
File: wrote 353144 to "D:\Nam3-HK1\Phan Mem Su Dung\BB FlashBack Pro 5\vclimg170.bpl"
File: overwriteflag=0, allowskipfilesflag=2, name="vclx170.bpl"
File: wrote 266616 to "D:\Nam3-HK1\Phan Mem Su Dung\BB FlashBack Pro 5\vclx170.bpl"
File: overwriteflag=0, allowskipfilesflag=2, name="XECompat.bpl"
File: wrote 1605632 to "D:\Nam3-HK1\Phan Mem Su Dung\BB FlashBack Pro 5\XECompat.bpl"
File: overwriteflag=0, allowskipfilesflag=2, name="xmlrtl170.bpl"
File: wrote 1675128 to "D:\Nam3-HK1\Phan Mem Su Dung\BB FlashBack Pro 5\xmlrtl170.bpl"
File: overwriteflag=0, allowskipfilesflag=2, name="vclie170.bpl"
File: wrote 778616 to "D:\Nam3-HK1\Phan Mem Su Dung\BB FlashBack Pro 5\vclie170.bpl"
File: overwriteflag=0, allowskipfilesflag=2, name="OpenH264Lib.dll"
File: wrote 27136 to "D:\Nam3-HK1\Phan Mem Su Dung\BB FlashBack Pro 5\OpenH264Lib.dll"
File: overwriteflag=0, allowskipfilesflag=2, name="welsenc.cfg"
File: wrote 4106 to "D:\Nam3-HK1\Phan Mem Su Dung\BB FlashBack Pro 5\welsenc.cfg"
File: overwriteflag=0, allowskipfilesflag=2, name="welslayer.cfg"
File: wrote 2381 to "D:\Nam3-HK1\Phan Mem Su Dung\BB FlashBack Pro 5\welslayer.cfg"
File: overwriteflag=0, allowskipfilesflag=2, name="SSEUtils.dll"
File: wrote 51712 to "D:\Nam3-HK1\Phan Mem Su Dung\BB FlashBack Pro 5\SSEUtils.dll"
File: overwriteflag=0, allowskipfilesflag=2, name="ActiveBand.bpl"
File: wrote 46592 to "D:\Nam3-HK1\Phan Mem Su Dung\BB FlashBack Pro 5\ActiveBand.bpl"
File: overwriteflag=0, allowskipfilesflag=2, name="avcodec-52.dll"
File: wrote 2384802 to "D:\Nam3-HK1\Phan Mem Su Dung\BB FlashBack Pro 5\avcodec-52.dll"
File: overwriteflag=0, allowskipfilesflag=2, name="avformat-52.dll"
File: wrote 310288 to "D:\Nam3-HK1\Phan Mem Su Dung\BB FlashBack Pro 5\avformat-52.dll"
File: overwriteflag=0, allowskipfilesflag=2, name="avutil-50.dll"
File: wrote 180093 to "D:\Nam3-HK1\Phan Mem Su Dung\BB FlashBack Pro 5\avutil-50.dll"
File: overwriteflag=0, allowskipfilesflag=2, name="avcore-0.dll"
File: wrote 78213 to "D:\Nam3-HK1\Phan Mem Su Dung\BB FlashBack Pro 5\avcore-0.dll"
File: overwriteflag=0, allowskipfilesflag=2, name="swscale-0.dll"
File: wrote 270840 to "D:\Nam3-HK1\Phan Mem Su Dung\BB FlashBack Pro 5\swscale-0.dll"
File: overwriteflag=0, allowskipfilesflag=2, name="libx264-128.dll"
File: wrote 1160360 to "D:\Nam3-HK1\Phan Mem Su Dung\BB FlashBack Pro 5\libx264-128.dll"
File: overwriteflag=0, allowskipfilesflag=2, name="BBBR-BB FlashBack Pro 5.xml"
File: wrote 2231 to "D:\Nam3-HK1\Phan Mem Su Dung\BB FlashBack Pro 5\BBBR-BB FlashBack Pro 5.xml"
File: overwriteflag=0, allowskipfilesflag=2, name="dbghelp.dll"
File: wrote 1080656 to "D:\Nam3-HK1\Phan Mem Su Dung\BB FlashBack Pro 5\dbghelp.dll"
File: overwriteflag=0, allowskipfilesflag=2, name="FBFields.xml"
File: wrote 2571 to "D:\Nam3-HK1\Phan Mem Su Dung\BB FlashBack Pro 5\FBFields.xml"
File: overwriteflag=0, allowskipfilesflag=2, name="FBQTLibrary.dll"
File: wrote 102400 to "D:\Nam3-HK1\Phan Mem Su Dung\BB FlashBack Pro 5\FBQTLibrary.dll"
File: overwriteflag=0, allowskipfilesflag=2, name="FlashBackDriverInstaller.exe"
File: wrote 624640 to "D:\Nam3-HK1\Phan Mem Su Dung\BB FlashBack Pro 5\FlashBackDriverInstaller.exe"
File: overwriteflag=0, allowskipfilesflag=2, name="FlashBackInstall.dll"
File: wrote 4472832 to "D:\Nam3-HK1\Phan Mem Su Dung\BB FlashBack Pro 5\FlashBackInstall.dll"
File: overwriteflag=0, allowskipfilesflag=2, name="CheckForUpdate.dll"
File: wrote 5666816 to "D:\Nam3-HK1\Phan Mem Su Dung\BB FlashBack Pro 5\CheckForUpdate.dll"
File: overwriteflag=0, allowskipfilesflag=2, name="FLVScreenVideo.dll"
File: wrote 84992 to "D:\Nam3-HK1\Phan Mem Su Dung\BB FlashBack Pro 5\FLVScreenVideo.dll"
File: overwriteflag=0, allowskipfilesflag=2, name="lame_enc.dll"
File: wrote 196608 to "D:\Nam3-HK1\Phan Mem Su Dung\BB FlashBack Pro 5\lame_enc.dll"
File: overwriteflag=0, allowskipfilesflag=2, name="twolame.dll"
File: wrote 241664 to "D:\Nam3-HK1\Phan Mem Su Dung\BB FlashBack Pro 5\twolame.dll"
File: overwriteflag=0, allowskipfilesflag=2, name="LibAVEncoder.dll"
File: wrote 151552 to "D:\Nam3-HK1\Phan Mem Su Dung\BB FlashBack Pro 5\LibAVEncoder.dll"
File: overwriteflag=0, allowskipfilesflag=2, name="GDI2MpegConverter.exe"
File: wrote 4097024 to "D:\Nam3-HK1\Phan Mem Su Dung\BB FlashBack Pro 5\GDI2MpegConverter.exe"
File: overwriteflag=0, allowskipfilesflag=2, name="LOGSYSINFO.HLP"
File: wrote 7993 to "D:\Nam3-HK1\Phan Mem Su Dung\BB FlashBack Pro 5\LOGSYSINFO.HLP"
File: overwriteflag=0, allowskipfilesflag=2, name="LogSysInstaller.dll"
File: wrote 151552 to "D:\Nam3-HK1\Phan Mem Su Dung\BB FlashBack Pro 5\LogSysInstaller.dll"
IfFileExists: file "D:\Nam3-HK1\Phan Mem Su Dung\BB FlashBack Pro 5\LogSysServer.exe" does not exist, jumping 540
File: overwriteflag=0, allowskipfilesflag=2, name="LogSysServer.exe"
File: wrote 1109320 to "D:\Nam3-HK1\Phan Mem Su Dung\BB FlashBack Pro 5\LogSysServer.exe"
File: overwriteflag=0, allowskipfilesflag=2, name="LogSysUploadCenterClient.dll"
File: wrote 49152 to "D:\Nam3-HK1\Phan Mem Su Dung\BB FlashBack Pro 5\LogSysUploadCenterClient.dll"
File: overwriteflag=0, allowskipfilesflag=2, name="mpglib.dll"
File: wrote 56832 to "D:\Nam3-HK1\Phan Mem Su Dung\BB FlashBack Pro 5\mpglib.dll"
File: overwriteflag=0, allowskipfilesflag=2, name="RecorderChecker.exe"
File: wrote 252232 to "D:\Nam3-HK1\Phan Mem Su Dung\BB FlashBack Pro 5\RecorderChecker.exe"
File: overwriteflag=0, allowskipfilesflag=2, name="review.xsl"
File: wrote 8008 to "D:\Nam3-HK1\Phan Mem Su Dung\BB FlashBack Pro 5\review.xsl"
IfFileExists: file "D:\Nam3-HK1\Phan Mem Su Dung\BB FlashBack Pro 5\FBPLAYERAPI.dll" does not exist, jumping 573
Call: 585
SetFileAttributes: "D:\Nam3-HK1\Phan Mem Su Dung\BB FlashBack Pro 5\FBPLAYERAPI.dll":00000080
SetFileAttributes failed.
File: overwriteflag=2, allowskipfilesflag=2, name="D:\Nam3-HK1\Phan Mem Su Dung\BB FlashBack Pro 5\FBPLAYERAPI.dll"
File: wrote 131072 to "D:\Nam3-HK1\Phan Mem Su Dung\BB FlashBack Pro 5\FBPLAYERAPI.dll"
Jump: 621
File: overwriteflag=0, allowskipfilesflag=2, name="FBAPI.dll"
File: wrote 163840 to "D:\Nam3-HK1\Phan Mem Su Dung\BB FlashBack Pro 5\FBAPI.dll"
IfFileExists: file "D:\Nam3-HK1\Phan Mem Su Dung\BB FlashBack Pro 5\FBAPI.dll" exists, jumping 0
Jump: 698
File: overwriteflag=2, allowskipfilesflag=2, name="FBCmd.exe"
File: wrote 815104 to "D:\Nam3-HK1\Phan Mem Su Dung\BB FlashBack Pro 5\FBCmd.exe"
File: overwriteflag=2, allowskipfilesflag=2, name="Free FlashBack Player.exe"
File: wrote 851968 to "D:\Nam3-HK1\Phan Mem Su Dung\BB FlashBack Pro 5\Free FlashBack Player.exe"
File: overwriteflag=2, allowskipfilesflag=2, name="BBIPP.dll"
File: wrote 7942144 to "D:\Nam3-HK1\Phan Mem Su Dung\BB FlashBack Pro 5\BBIPP.dll"
File: overwriteflag=2, allowskipfilesflag=2, name="libiomp5md.dll"
File: wrote 793504 to "D:\Nam3-HK1\Phan Mem Su Dung\BB FlashBack Pro 5\libiomp5md.dll"
File: overwriteflag=2, allowskipfilesflag=2, name="PredefinedGallery.dat"
File: wrote 11870398 to "D:\Nam3-HK1\Phan Mem Su Dung\BB FlashBack Pro 5\PredefinedGallery.dat"
File: overwriteflag=2, allowskipfilesflag=2, name="VE64.dll"
File: wrote 46080 to "D:\Nam3-HK1\Phan Mem Su Dung\BB FlashBack Pro 5\VE64.dll"
File: overwriteflag=2, allowskipfilesflag=2, name="RunNonElevated64.exe"
File: wrote 93000 to "D:\Nam3-HK1\Phan Mem Su Dung\BB FlashBack Pro 5\RunNonElevated64.exe"
Jump: 710
File: overwriteflag=2, allowskipfilesflag=2, name="Video2FLV.dll"
File: wrote 129536 to "D:\Nam3-HK1\Phan Mem Su Dung\BB FlashBack Pro 5\Video2FLV.dll"
File: overwriteflag=2, allowskipfilesflag=2, name="VideoPlayers.txt"
File: wrote 2860 to "D:\Nam3-HK1\Phan Mem Su Dung\BB FlashBack Pro 5\VideoPlayers.txt"
File: overwriteflag=2, allowskipfilesflag=2, name="VistaCoreSoundAPIWrap.dll"
File: wrote 126976 to "D:\Nam3-HK1\Phan Mem Su Dung\BB FlashBack Pro 5\VistaCoreSoundAPIWrap.dll"
File: overwriteflag=2, allowskipfilesflag=2, name="VistaCoreSoundAPIWrap.pdb"
File: wrote 1952768 to "D:\Nam3-HK1\Phan Mem Su Dung\BB FlashBack Pro 5\VistaCoreSoundAPIWrap.pdb"
File: overwriteflag=2, allowskipfilesflag=2, name="WebCam.dll"
File: wrote 49152 to "D:\Nam3-HK1\Phan Mem Su Dung\BB FlashBack Pro 5\WebCam.dll"
File: overwriteflag=2, allowskipfilesflag=2, name="WMIIntDll.dll"
File: wrote 65536 to "D:\Nam3-HK1\Phan Mem Su Dung\BB FlashBack Pro 5\WMIIntDll.dll"
File: overwriteflag=2, allowskipfilesflag=2, name="WMVExport.dll"
File: wrote 62464 to "D:\Nam3-HK1\Phan Mem Su Dung\BB FlashBack Pro 5\WMVExport.dll"
File: overwriteflag=2, allowskipfilesflag=2, name="Licence.rtf"
File: wrote 21329 to "D:\Nam3-HK1\Phan Mem Su Dung\BB FlashBack Pro 5\Licence.rtf"
File: overwriteflag=2, allowskipfilesflag=2, name="Readme.htm"
File: wrote 76240 to "D:\Nam3-HK1\Phan Mem Su Dung\BB FlashBack Pro 5\Readme.htm"
File: overwriteflag=2, allowskipfilesflag=2, name="uninstall.exe"
File: wrote 238448 to "D:\Nam3-HK1\Phan Mem Su Dung\BB FlashBack Pro 5\uninstall.exe"
WriteRegStr: "HKEY_LOCAL_MACHINE\SOFTWARE\Blueberry Software\BB FlashBack Pro 5\Components" "Main"="1"
Section: ""
CreateDirectory: "C:\Program Files (x86)\Common Files\Blueberry Software" (1)
CreateDirectory: "C:\Program Files (x86)\Common Files\Blueberry Software" created
Call: 2034
IfFileExists: file "C:\Program Files (x86)\Common Files\Blueberry Software\BandLoader.dll" does not exist, jumping 2040
WriteRegDWORD: "HKEY_LOCAL_MACHINE\Software\Microsoft\Windows\CurrentVersion\SharedDLLs" "C:\Program Files (x86)\Common Files\Blueberry Software\BandLoader.dll"="0x00000001"
IfFileExists: file "C:\Program Files (x86)\Common Files\Blueberry Software\BandLoader.dll" does not exist, jumping 753
Call: 765
SetFileAttributes: "C:\Program Files (x86)\Common Files\Blueberry Software\BandLoader.dll":00000080
SetFileAttributes failed.
File: overwriteflag=2, allowskipfilesflag=2, name="C:\Program Files (x86)\Common Files\Blueberry Software\BandLoader.dll"
File: wrote 94208 to "C:\Program Files (x86)\Common Files\Blueberry Software\BandLoader.dll"
Jump: 801
Call: 2034
IfFileExists: file "C:\Program Files (x86)\Common Files\Blueberry Software\BBFileTransfer.dll" does not exist, jumping 2040
WriteRegDWORD: "HKEY_LOCAL_MACHINE\Software\Microsoft\Windows\CurrentVersion\SharedDLLs" "C:\Program Files (x86)\Common Files\Blueberry Software\BBFileTransfer.dll"="0x00000001"
IfFileExists: file "C:\Program Files (x86)\Common Files\Blueberry Software\BBFileTransfer.dll" does not exist, jumping 831
Call: 843
SetFileAttributes: "C:\Program Files (x86)\Common Files\Blueberry Software\BBFileTransfer.dll":00000080
SetFileAttributes failed.
File: overwriteflag=2, allowskipfilesflag=2, name="C:\Program Files (x86)\Common Files\Blueberry Software\BBFileTransfer.dll"
File: wrote 360448 to "C:\Program Files (x86)\Common Files\Blueberry Software\BBFileTransfer.dll"
Jump: 879
Call: 2034
IfFileExists: file "C:\Program Files (x86)\Common Files\Blueberry Software\bbmemdumpflt.ax" does not exist, jumping 2040
WriteRegDWORD: "HKEY_LOCAL_MACHINE\Software\Microsoft\Windows\CurrentVersion\SharedDLLs" "C:\Program Files (x86)\Common Files\Blueberry Software\bbmemdumpflt.ax"="0x00000001"
IfFileExists: file "C:\Program Files (x86)\Common Files\Blueberry Software\bbmemdumpflt.ax" does not exist, jumping 909
Call: 921
SetFileAttributes: "C:\Program Files (x86)\Common Files\Blueberry Software\bbmemdumpflt.ax":00000080
SetFileAttributes failed.
File: overwriteflag=2, allowskipfilesflag=2, name="C:\Program Files (x86)\Common Files\Blueberry Software\bbmemdumpflt.ax"
File: wrote 86016 to "C:\Program Files (x86)\Common Files\Blueberry Software\bbmemdumpflt.ax"
Jump: 957
Call: 2034
IfFileExists: file "C:\Program Files (x86)\Common Files\Blueberry Software\bbppnt.dll" does not exist, jumping 2040
WriteRegDWORD: "HKEY_LOCAL_MACHINE\Software\Microsoft\Windows\CurrentVersion\SharedDLLs" "C:\Program Files (x86)\Common Files\Blueberry Software\bbppnt.dll"="0x00000001"
IfFileExists: file "C:\Program Files (x86)\Common Files\Blueberry Software\bbppnt.dll" does not exist, jumping 987
Call: 999
SetFileAttributes: "C:\Program Files (x86)\Common Files\Blueberry Software\bbppnt.dll":00000080
SetFileAttributes failed.
File: overwriteflag=2, allowskipfilesflag=2, name="C:\Program Files (x86)\Common Files\Blueberry Software\bbppnt.dll"
File: wrote 229376 to "C:\Program Files (x86)\Common Files\Blueberry Software\bbppnt.dll"
Jump: 1035
Call: 2034
IfFileExists: file "C:\Program Files (x86)\Common Files\Blueberry Software\FBExplorerAddon.dll" does not exist, jumping 2040
WriteRegDWORD: "HKEY_LOCAL_MACHINE\Software\Microsoft\Windows\CurrentVersion\SharedDLLs" "C:\Program Files (x86)\Common Files\Blueberry Software\FBExplorerAddon.dll"="0x00000001"
IfFileExists: file "C:\Program Files (x86)\Common Files\Blueberry Software\FBExplorerAddon.dll" does not exist, jumping 1065
Call: 1077
SetFileAttributes: "C:\Program Files (x86)\Common Files\Blueberry Software\FBExplorerAddon.dll":00000080
SetFileAttributes failed.
File: overwriteflag=2, allowskipfilesflag=2, name="C:\Program Files (x86)\Common Files\Blueberry Software\FBExplorerAddon.dll"
File: wrote 149504 to "C:\Program Files (x86)\Common Files\Blueberry Software\FBExplorerAddon.dll"
Jump: 1113
Call: 2034
IfFileExists: file "C:\Program Files (x86)\Common Files\Blueberry Software\QSTools.dll" does not exist, jumping 2040
WriteRegDWORD: "HKEY_LOCAL_MACHINE\Software\Microsoft\Windows\CurrentVersion\SharedDLLs" "C:\Program Files (x86)\Common Files\Blueberry Software\QSTools.dll"="0x00000001"
IfFileExists: file "C:\Program Files (x86)\Common Files\Blueberry Software\QSTools.dll" does not exist, jumping 1143
Call: 1151
SetFileAttributes: "C:\Program Files (x86)\Common Files\Blueberry Software\QSTools.dll":00000080
SetFileAttributes failed.
File: overwriteflag=2, allowskipfilesflag=2, name="C:\Program Files (x86)\Common Files\Blueberry Software\QSTools.dll"
File: wrote 57344 to "C:\Program Files (x86)\Common Files\Blueberry Software\QSTools.dll"
Jump: 1157
File: overwriteflag=2, allowskipfilesflag=2, name="ActiveBand.ocx"
File: wrote 589824 to "C:\Program Files (x86)\Common Files\Blueberry Software\ActiveBand.ocx"
File: overwriteflag=2, allowskipfilesflag=2, name="BandLoader.dll"
File: wrote 94208 to "C:\Program Files (x86)\Common Files\Blueberry Software\BandLoader.dll"
File: overwriteflag=2, allowskipfilesflag=2, name="BBFileTransfer.dll"
File: wrote 360448 to "C:\Program Files (x86)\Common Files\Blueberry Software\BBFileTransfer.dll"
File: overwriteflag=2, allowskipfilesflag=2, name="bbmemdumpflt.ax"
File: wrote 86016 to "C:\Program Files (x86)\Common Files\Blueberry Software\bbmemdumpflt.ax"
File: overwriteflag=2, allowskipfilesflag=2, name="FBExplorerAddon.dll"
File: wrote 149504 to "C:\Program Files (x86)\Common Files\Blueberry Software\FBExplorerAddon.dll"
File: overwriteflag=2, allowskipfilesflag=2, name="QSTools.dll"
File: wrote 57344 to "C:\Program Files (x86)\Common Files\Blueberry Software\QSTools.dll"
WriteRegStr: "HKEY_LOCAL_MACHINE\SOFTWARE\Blueberry Software\BB FlashBack Pro 5\Components" "Common Files"="1"
Section: ""
CreateDirectory: "D:\Nam3-HK1\Phan Mem Su Dung\BB FlashBack Pro 5" (1)
File: overwriteflag=0, allowskipfilesflag=2, name="BB FlashBack Pro 5 Help.chm"
File: wrote 757313 to "D:\Nam3-HK1\Phan Mem Su Dung\BB FlashBack Pro 5\BB FlashBack Pro 5 Help.chm"
File: overwriteflag=0, allowskipfilesflag=2, name="FlashBack Batch Export.exe"
File: wrote 2875720 to "D:\Nam3-HK1\Phan Mem Su Dung\BB FlashBack Pro 5\FlashBack Batch Export.exe"
File: overwriteflag=0, allowskipfilesflag=2, name="FlashBack Player.dbg"
File: wrote 1560180 to "D:\Nam3-HK1\Phan Mem Su Dung\BB FlashBack Pro 5\FlashBack Player.dbg"
File: overwriteflag=0, allowskipfilesflag=2, name="FlashBack Player.exe"
File: wrote 11481928 to "D:\Nam3-HK1\Phan Mem Su Dung\BB FlashBack Pro 5\FlashBack Player.exe"
File: overwriteflag=0, allowskipfilesflag=2, name="FlashBack Recorder.dbg"
File: wrote 622328 to "D:\Nam3-HK1\Phan Mem Su Dung\BB FlashBack Pro 5\FlashBack Recorder.dbg"
File: overwriteflag=0, allowskipfilesflag=2, name="FlashBack Recorder.exe"
File: wrote 6406984 to "D:\Nam3-HK1\Phan Mem Su Dung\BB FlashBack Pro 5\FlashBack Recorder.exe"
WriteRegStr: "HKEY_LOCAL_MACHINE\SOFTWARE\Blueberry Software\BB FlashBack Pro 5\Components" "FB Files"="1"
Section: ""
CreateDirectory: "D:\Nam3-HK1\Phan Mem Su Dung\BB FlashBack Pro 5\Custom" (1)
CreateDirectory: "D:\Nam3-HK1\Phan Mem Su Dung\BB FlashBack Pro 5\Custom" created
File: overwriteflag=0, allowskipfilesflag=2, name="custom.cfg"
File: wrote 2944 to "D:\Nam3-HK1\Phan Mem Su Dung\BB FlashBack Pro 5\Custom\custom.cfg"
File: overwriteflag=0, allowskipfilesflag=2, name="LeftMouseDblClk1.png"
File: wrote 1117 to "D:\Nam3-HK1\Phan Mem Su Dung\BB FlashBack Pro 5\Custom\LeftMouseDblClk1.png"
File: overwriteflag=0, allowskipfilesflag=2, name="LeftMouseDblClk2.png"
File: wrote 1225 to "D:\Nam3-HK1\Phan Mem Su Dung\BB FlashBack Pro 5\Custom\LeftMouseDblClk2.png"
File: overwriteflag=0, allowskipfilesflag=2, name="LeftMouseDblClk3.png"
File: wrote 773 to "D:\Nam3-HK1\Phan Mem Su Dung\BB FlashBack Pro 5\Custom\LeftMouseDblClk3.png"
File: overwriteflag=0, allowskipfilesflag=2, name="LeftMouseDown1.png"
File: wrote 575 to "D:\Nam3-HK1\Phan Mem Su Dung\BB FlashBack Pro 5\Custom\LeftMouseDown1.png"
File: overwriteflag=0, allowskipfilesflag=2, name="LeftMouseDown2.png"
File: wrote 575 to "D:\Nam3-HK1\Phan Mem Su Dung\BB FlashBack Pro 5\Custom\LeftMouseDown2.png"
File: overwriteflag=0, allowskipfilesflag=2, name="LeftMouseDown3.png"
File: wrote 481 to "D:\Nam3-HK1\Phan Mem Su Dung\BB FlashBack Pro 5\Custom\LeftMouseDown3.png"
File: overwriteflag=0, allowskipfilesflag=2, name="LeftMouseUp1.png"
File: wrote 486 to "D:\Nam3-HK1\Phan Mem Su Dung\BB FlashBack Pro 5\Custom\LeftMouseUp1.png"
File: overwriteflag=0, allowskipfilesflag=2, name="LeftMouseUp2.png"
File: wrote 575 to "D:\Nam3-HK1\Phan Mem Su Dung\BB FlashBack Pro 5\Custom\LeftMouseUp2.png"
File: overwriteflag=0, allowskipfilesflag=2, name="LeftMouseUp3.png"
File: wrote 571 to "D:\Nam3-HK1\Phan Mem Su Dung\BB FlashBack Pro 5\Custom\LeftMouseUp3.png"
File: overwriteflag=0, allowskipfilesflag=2, name="MiddleMouseDblClk1.png"
File: wrote 982 to "D:\Nam3-HK1\Phan Mem Su Dung\BB FlashBack Pro 5\Custom\MiddleMouseDblClk1.png"
File: overwriteflag=0, allowskipfilesflag=2, name="MiddleMouseDblClk2.png"
File: wrote 1071 to "D:\Nam3-HK1\Phan Mem Su Dung\BB FlashBack Pro 5\Custom\MiddleMouseDblClk2.png"
File: overwriteflag=0, allowskipfilesflag=2, name="MiddleMouseDblClk3.png"
File: wrote 643 to "D:\Nam3-HK1\Phan Mem Su Dung\BB FlashBack Pro 5\Custom\MiddleMouseDblClk3.png"
File: overwriteflag=0, allowskipfilesflag=2, name="MiddleMouseDown1.png"
File: wrote 551 to "D:\Nam3-HK1\Phan Mem Su Dung\BB FlashBack Pro 5\Custom\MiddleMouseDown1.png"
File: overwriteflag=0, allowskipfilesflag=2, name="MiddleMouseDown2.png"
File: wrote 554 to "D:\Nam3-HK1\Phan Mem Su Dung\BB FlashBack Pro 5\Custom\MiddleMouseDown2.png"
File: overwriteflag=0, allowskipfilesflag=2, name="MiddleMouseDown3.png"
File: wrote 435 to "D:\Nam3-HK1\Phan Mem Su Dung\BB FlashBack Pro 5\Custom\MiddleMouseDown3.png"
File: overwriteflag=0, allowskipfilesflag=2, name="MiddleMouseUp1.png"
File: wrote 443 to "D:\Nam3-HK1\Phan Mem Su Dung\BB FlashBack Pro 5\Custom\MiddleMouseUp1.png"
File: overwriteflag=0, allowskipfilesflag=2, name="MiddleMouseUp2.png"
File: wrote 552 to "D:\Nam3-HK1\Phan Mem Su Dung\BB FlashBack Pro 5\Custom\MiddleMouseUp2.png"
File: overwriteflag=0, allowskipfilesflag=2, name="MiddleMouseUp3.png"
File: wrote 547 to "D:\Nam3-HK1\Phan Mem Su Dung\BB FlashBack Pro 5\Custom\MiddleMouseUp3.png"
File: overwriteflag=0, allowskipfilesflag=2, name="RightMouseDblClk1.png"
File: wrote 1119 to "D:\Nam3-HK1\Phan Mem Su Dung\BB FlashBack Pro 5\Custom\RightMouseDblClk1.png"
File: overwriteflag=0, allowskipfilesflag=2, name="RightMouseDblClk2.png"
File: wrote 1230 to "D:\Nam3-HK1\Phan Mem Su Dung\BB FlashBack Pro 5\Custom\RightMouseDblClk2.png"
File: overwriteflag=0, allowskipfilesflag=2, name="RightMouseDblClk3.png"
File: wrote 800 to "D:\Nam3-HK1\Phan Mem Su Dung\BB FlashBack Pro 5\Custom\RightMouseDblClk3.png"
File: overwriteflag=0, allowskipfilesflag=2, name="RightMouseDown1.png"
File: wrote 575 to "D:\Nam3-HK1\Phan Mem Su Dung\BB FlashBack Pro 5\Custom\RightMouseDown1.png"
File: overwriteflag=0, allowskipfilesflag=2, name="RightMouseDown2.png"
File: wrote 575 to "D:\Nam3-HK1\Phan Mem Su Dung\BB FlashBack Pro 5\Custom\RightMouseDown2.png"
File: overwriteflag=0, allowskipfilesflag=2, name="RightMouseDown3.png"
File: wrote 487 to "D:\Nam3-HK1\Phan Mem Su Dung\BB FlashBack Pro 5\Custom\RightMouseDown3.png"
File: overwriteflag=0, allowskipfilesflag=2, name="RightMouseUp1.png"
File: wrote 486 to "D:\Nam3-HK1\Phan Mem Su Dung\BB FlashBack Pro 5\Custom\RightMouseUp1.png"
File: overwriteflag=0, allowskipfilesflag=2, name="RightMouseUp2.png"
File: wrote 574 to "D:\Nam3-HK1\Phan Mem Su Dung\BB FlashBack Pro 5\Custom\RightMouseUp2.png"
File: overwriteflag=0, allowskipfilesflag=2, name="RightMouseUp3.png"
File: wrote 574 to "D:\Nam3-HK1\Phan Mem Su Dung\BB FlashBack Pro 5\Custom\RightMouseUp3.png"
File: overwriteflag=0, allowskipfilesflag=2, name="WheelMouseDown1.bmp"
File: wrote 1782 to "D:\Nam3-HK1\Phan Mem Su Dung\BB FlashBack Pro 5\Custom\WheelMouseDown1.bmp"
File: overwriteflag=0, allowskipfilesflag=2, name="WheelMouseDown2.bmp"
File: wrote 1782 to "D:\Nam3-HK1\Phan Mem Su Dung\BB FlashBack Pro 5\Custom\WheelMouseDown2.bmp"
File: overwriteflag=0, allowskipfilesflag=2, name="WheelMouseDown3.bmp"
File: wrote 1782 to "D:\Nam3-HK1\Phan Mem Su Dung\BB FlashBack Pro 5\Custom\WheelMouseDown3.bmp"
File: overwriteflag=0, allowskipfilesflag=2, name="WheelMouseUp1.bmp"
File: wrote 1782 to "D:\Nam3-HK1\Phan Mem Su Dung\BB FlashBack Pro 5\Custom\WheelMouseUp1.bmp"
File: overwriteflag=0, allowskipfilesflag=2, name="WheelMouseUp2.bmp"
File: wrote 1782 to "D:\Nam3-HK1\Phan Mem Su Dung\BB FlashBack Pro 5\Custom\WheelMouseUp2.bmp"
File: overwriteflag=0, allowskipfilesflag=2, name="WheelMouseUp3.bmp"
File: wrote 1782 to "D:\Nam3-HK1\Phan Mem Su Dung\BB FlashBack Pro 5\Custom\WheelMouseUp3.bmp"
WriteRegStr: "HKEY_LOCAL_MACHINE\SOFTWARE\Blueberry Software\BB FlashBack Pro 5\Components" "Custom"="1"
Section: ""
CreateDirectory: "D:\Nam3-HK1\Phan Mem Su Dung\BB FlashBack Pro 5\DefaultTextBoxStyles" (1)
CreateDirectory: "D:\Nam3-HK1\Phan Mem Su Dung\BB FlashBack Pro 5\DefaultTextBoxStyles" created
File: overwriteflag=0, allowskipfilesflag=2, name="Blue - dark.xml"
File: wrote 2603 to "D:\Nam3-HK1\Phan Mem Su Dung\BB FlashBack Pro 5\DefaultTextBoxStyles\Blue - dark.xml"
File: overwriteflag=0, allowskipfilesflag=2, name="Blue - light.xml"
File: wrote 2603 to "D:\Nam3-HK1\Phan Mem Su Dung\BB FlashBack Pro 5\DefaultTextBoxStyles\Blue - light.xml"
File: overwriteflag=0, allowskipfilesflag=2, name="Green - dark.xml"
File: wrote 2607 to "D:\Nam3-HK1\Phan Mem Su Dung\BB FlashBack Pro 5\DefaultTextBoxStyles\Green - dark.xml"
File: overwriteflag=0, allowskipfilesflag=2, name="Green - light.xml"
File: wrote 2603 to "D:\Nam3-HK1\Phan Mem Su Dung\BB FlashBack Pro 5\DefaultTextBoxStyles\Green - light.xml"
File: overwriteflag=0, allowskipfilesflag=2, name="Grey - dark.xml"
File: wrote 2602 to "D:\Nam3-HK1\Phan Mem Su Dung\BB FlashBack Pro 5\DefaultTextBoxStyles\Grey - dark.xml"
File: overwriteflag=0, allowskipfilesflag=2, name="Grey - light.xml"
File: wrote 2603 to "D:\Nam3-HK1\Phan Mem Su Dung\BB FlashBack Pro 5\DefaultTextBoxStyles\Grey - light.xml"
File: overwriteflag=0, allowskipfilesflag=2, name="Longhorn.xml"
File: wrote 2609 to "D:\Nam3-HK1\Phan Mem Su Dung\BB FlashBack Pro 5\DefaultTextBoxStyles\Longhorn.xml"
File: overwriteflag=0, allowskipfilesflag=2, name="Orange.xml"
File: wrote 2601 to "D:\Nam3-HK1\Phan Mem Su Dung\BB FlashBack Pro 5\DefaultTextBoxStyles\Orange.xml"
File: overwriteflag=0, allowskipfilesflag=2, name="Postit.xml"
File: wrote 2600 to "D:\Nam3-HK1\Phan Mem Su Dung\BB FlashBack Pro 5\DefaultTextBoxStyles\Postit.xml"
File: overwriteflag=0, allowskipfilesflag=2, name="Purple - dark.xml"
File: wrote 2603 to "D:\Nam3-HK1\Phan Mem Su Dung\BB FlashBack Pro 5\DefaultTextBoxStyles\Purple - dark.xml"
File: overwriteflag=0, allowskipfilesflag=2, name="Purple - light.xml"
File: wrote 2609 to "D:\Nam3-HK1\Phan Mem Su Dung\BB FlashBack Pro 5\DefaultTextBoxStyles\Purple - light.xml"
WriteRegStr: "HKEY_LOCAL_MACHINE\SOFTWARE\Blueberry Software\BB FlashBack Pro 5\Components" "DefaultTextBoxStyles"="1"
Section: ""
CreateDirectory: "D:\Nam3-HK1\Phan Mem Su Dung\BB FlashBack Pro 5\MicroPlayerLangs\en" (1)
CreateDirectory: "D:\Nam3-HK1\Phan Mem Su Dung\BB FlashBack Pro 5\MicroPlayerLangs" created
CreateDirectory: "D:\Nam3-HK1\Phan Mem Su Dung\BB FlashBack Pro 5\MicroPlayerLangs\en" created
File: overwriteflag=0, allowskipfilesflag=2, name="Help.gif"
File: wrote 13986 to "D:\Nam3-HK1\Phan Mem Su Dung\BB FlashBack Pro 5\MicroPlayerLangs\en\Help.gif"
File: overwriteflag=0, allowskipfilesflag=2, name="resources.txt"
File: wrote 5396 to "D:\Nam3-HK1\Phan Mem Su Dung\BB FlashBack Pro 5\MicroPlayerLangs\en\resources.txt"
File: overwriteflag=0, allowskipfilesflag=2, name="Watermark.bmp"
File: wrote 14280 to "D:\Nam3-HK1\Phan Mem Su Dung\BB FlashBack Pro 5\MicroPlayerLangs\en\Watermark.bmp"
WriteRegStr: "HKEY_LOCAL_MACHINE\SOFTWARE\Blueberry Software\BB FlashBack Pro 5\Components" "MicroPlayerLangs"="1"
Section: ""
CreateDirectory: "D:\Nam3-HK1\Phan Mem Su Dung\BB FlashBack Pro 5\SWFControlBars" (1)
CreateDirectory: "D:\Nam3-HK1\Phan Mem Su Dung\BB FlashBack Pro 5\SWFControlBars" created
File: overwriteflag=0, allowskipfilesflag=2, name="AS2toolbars.flp"
File: wrote 1083 to "D:\Nam3-HK1\Phan Mem Su Dung\BB FlashBack Pro 5\SWFControlBars\AS2toolbars.flp"
File: overwriteflag=0, allowskipfilesflag=2, name="AS3toolbars.flp"
File: wrote 965 to "D:\Nam3-HK1\Phan Mem Su Dung\BB FlashBack Pro 5\SWFControlBars\AS3toolbars.flp"
File: overwriteflag=0, allowskipfilesflag=2, name="DefaultControlBar.fla"
File: wrote 949760 to "D:\Nam3-HK1\Phan Mem Su Dung\BB FlashBack Pro 5\SWFControlBars\DefaultControlBar.fla"
File: overwriteflag=0, allowskipfilesflag=2, name="DefaultControlBar.swf"
File: wrote 285314 to "D:\Nam3-HK1\Phan Mem Su Dung\BB FlashBack Pro 5\SWFControlBars\DefaultControlBar.swf"
File: overwriteflag=0, allowskipfilesflag=2, name="DefaultControlBarCoolWhite.fla"
File: wrote 963584 to "D:\Nam3-HK1\Phan Mem Su Dung\BB FlashBack Pro 5\SWFControlBars\DefaultControlBarCoolWhite.fla"
File: overwriteflag=0, allowskipfilesflag=2, name="DefaultControlBarCoolWhite.swf"
File: wrote 300335 to "D:\Nam3-HK1\Phan Mem Su Dung\BB FlashBack Pro 5\SWFControlBars\DefaultControlBarCoolWhite.swf"
File: overwriteflag=0, allowskipfilesflag=2, name="DefaultControlBarCoolWhiteSingle.fla"
File: wrote 993792 to "D:\Nam3-HK1\Phan Mem Su Dung\BB FlashBack Pro 5\SWFControlBars\DefaultControlBarCoolWhiteSingle.fla"
File: overwriteflag=0, allowskipfilesflag=2, name="DefaultControlBarCoolWhiteSingle.swf"
File: wrote 290666 to "D:\Nam3-HK1\Phan Mem Su Dung\BB FlashBack Pro 5\SWFControlBars\DefaultControlBarCoolWhiteSingle.swf"
File: overwriteflag=0, allowskipfilesflag=2, name="DefaultControlBarMediaPlayer.fla"
File: wrote 1011200 to "D:\Nam3-HK1\Phan Mem Su Dung\BB FlashBack Pro 5\SWFControlBars\DefaultControlBarMediaPlayer.fla"
File: overwriteflag=0, allowskipfilesflag=2, name="DefaultControlBarMediaPlayer.swf"
File: wrote 304662 to "D:\Nam3-HK1\Phan Mem Su Dung\BB FlashBack Pro 5\SWFControlBars\DefaultControlBarMediaPlayer.swf"
File: overwriteflag=0, allowskipfilesflag=2, name="DefaultControlBarMediaPlayerSingle.fla"
File: wrote 990208 to "D:\Nam3-HK1\Phan Mem Su Dung\BB FlashBack Pro 5\SWFControlBars\DefaultControlBarMediaPlayerSingle.fla"
File: overwriteflag=0, allowskipfilesflag=2, name="DefaultControlBarMediaPlayerSingle.swf"
File: wrote 294985 to "D:\Nam3-HK1\Phan Mem Su Dung\BB FlashBack Pro 5\SWFControlBars\DefaultControlBarMediaPlayerSingle.swf"
File: overwriteflag=0, allowskipfilesflag=2, name="DefaultControlBarSingle.fla"
File: wrote 966144 to "D:\Nam3-HK1\Phan Mem Su Dung\BB FlashBack Pro 5\SWFControlBars\DefaultControlBarSingle.fla"
File: overwriteflag=0, allowskipfilesflag=2, name="DefaultControlBarSingle.swf"
File: wrote 275700 to "D:\Nam3-HK1\Phan Mem Su Dung\BB FlashBack Pro 5\SWFControlBars\DefaultControlBarSingle.swf"
File: overwriteflag=0, allowskipfilesflag=2, name="DefaultControlBar3.fla"
File: wrote 1447936 to "D:\Nam3-HK1\Phan Mem Su Dung\BB FlashBack Pro 5\SWFControlBars\DefaultControlBar3.fla"
File: overwriteflag=0, allowskipfilesflag=2, name="DefaultControlBar3.swf"
File: wrote 243120 to "D:\Nam3-HK1\Phan Mem Su Dung\BB FlashBack Pro 5\SWFControlBars\DefaultControlBar3.swf"
File: overwriteflag=0, allowskipfilesflag=2, name="DefaultControlBarCoolWhite3.fla"
File: wrote 1511424 to "D:\Nam3-HK1\Phan Mem Su Dung\BB FlashBack Pro 5\SWFControlBars\DefaultControlBarCoolWhite3.fla"
File: overwriteflag=0, allowskipfilesflag=2, name="DefaultControlBarCoolWhite3.swf"
File: wrote 253320 to "D:\Nam3-HK1\Phan Mem Su Dung\BB FlashBack Pro 5\SWFControlBars\DefaultControlBarCoolWhite3.swf"
File: overwriteflag=0, allowskipfilesflag=2, name="DefaultControlBarMediaPlayer3.fla"
File: wrote 1185280 to "D:\Nam3-HK1\Phan Mem Su Dung\BB FlashBack Pro 5\SWFControlBars\DefaultControlBarMediaPlayer3.fla"
File: overwriteflag=0, allowskipfilesflag=2, name="DefaultControlBarMediaPlayer3.swf"
File: wrote 255272 to "D:\Nam3-HK1\Phan Mem Su Dung\BB FlashBack Pro 5\SWFControlBars\DefaultControlBarMediaPlayer3.swf"
File: overwriteflag=0, allowskipfilesflag=2, name="description.txt"
File: wrote 239 to "D:\Nam3-HK1\Phan Mem Su Dung\BB FlashBack Pro 5\SWFControlBars\description.txt"
CreateDirectory: "D:\Nam3-HK1\Phan Mem Su Dung\BB FlashBack Pro 5\SWFControlBars\AS2" (1)
CreateDirectory: "D:\Nam3-HK1\Phan Mem Su Dung\BB FlashBack Pro 5\SWFControlBars\AS2" created
File: overwriteflag=0, allowskipfilesflag=2, name="common.as"
File: wrote 22406 to "D:\Nam3-HK1\Phan Mem Su Dung\BB FlashBack Pro 5\SWFControlBars\AS2\common.as"
File: overwriteflag=0, allowskipfilesflag=2, name="commonMultiple.as"
File: wrote 29819 to "D:\Nam3-HK1\Phan Mem Su Dung\BB FlashBack Pro 5\SWFControlBars\AS2\commonMultiple.as"
File: overwriteflag=0, allowskipfilesflag=2, name="commonSingle.as"
File: wrote 20826 to "D:\Nam3-HK1\Phan Mem Su Dung\BB FlashBack Pro 5\SWFControlBars\AS2\commonSingle.as"
File: overwriteflag=0, allowskipfilesflag=2, name="expiring_checking.as"
File: wrote 4548 to "D:\Nam3-HK1\Phan Mem Su Dung\BB FlashBack Pro 5\SWFControlBars\AS2\expiring_checking.as"
File: overwriteflag=0, allowskipfilesflag=2, name="flashvars.as"
File: wrote 19358 to "D:\Nam3-HK1\Phan Mem Su Dung\BB FlashBack Pro 5\SWFControlBars\AS2\flashvars.as"
File: overwriteflag=0, allowskipfilesflag=2, name="password_checking.as"
File: wrote 11514 to "D:\Nam3-HK1\Phan Mem Su Dung\BB FlashBack Pro 5\SWFControlBars\AS2\password_checking.as"
CreateDirectory: "D:\Nam3-HK1\Phan Mem Su Dung\BB FlashBack Pro 5\SWFControlBars\AS3" (1)
CreateDirectory: "D:\Nam3-HK1\Phan Mem Su Dung\BB FlashBack Pro 5\SWFControlBars\AS3" created
File: overwriteflag=0, allowskipfilesflag=2, name="ButtonElement.as"
File: wrote 3730 to "D:\Nam3-HK1\Phan Mem Su Dung\BB FlashBack Pro 5\SWFControlBars\AS3\ButtonElement.as"
File: overwriteflag=0, allowskipfilesflag=2, name="Common.as"
File: wrote 30409 to "D:\Nam3-HK1\Phan Mem Su Dung\BB FlashBack Pro 5\SWFControlBars\AS3\Common.as"
File: overwriteflag=0, allowskipfilesflag=2, name="CommonMultiple.as"
File: wrote 39970 to "D:\Nam3-HK1\Phan Mem Su Dung\BB FlashBack Pro 5\SWFControlBars\AS3\CommonMultiple.as"
File: overwriteflag=0, allowskipfilesflag=2, name="CommonSingle.as"
File: wrote 16423 to "D:\Nam3-HK1\Phan Mem Su Dung\BB FlashBack Pro 5\SWFControlBars\AS3\CommonSingle.as"
File: overwriteflag=0, allowskipfilesflag=2, name="Element.as"
File: wrote 2842 to "D:\Nam3-HK1\Phan Mem Su Dung\BB FlashBack Pro 5\SWFControlBars\AS3\Element.as"
File: overwriteflag=0, allowskipfilesflag=2, name="Elements.as"
File: wrote 883 to "D:\Nam3-HK1\Phan Mem Su Dung\BB FlashBack Pro 5\SWFControlBars\AS3\Elements.as"
File: overwriteflag=0, allowskipfilesflag=2, name="Flashvars.as"
File: wrote 15653 to "D:\Nam3-HK1\Phan Mem Su Dung\BB FlashBack Pro 5\SWFControlBars\AS3\Flashvars.as"
WriteRegStr: "HKEY_LOCAL_MACHINE\SOFTWARE\Blueberry Software\BB FlashBack Pro 5\Components" "SWFControlBars"="1"
Section: ""
CreateDirectory: "D:\Nam3-HK1\Phan Mem Su Dung\BB FlashBack Pro 5\UploadProfiles" (1)
CreateDirectory: "D:\Nam3-HK1\Phan Mem Su Dung\BB FlashBack Pro 5\UploadProfiles" created
File: overwriteflag=0, allowskipfilesflag=2, name="default.ExportToFLV.xml"
File: wrote 5664 to "D:\Nam3-HK1\Phan Mem Su Dung\BB FlashBack Pro 5\UploadProfiles\default.ExportToFLV.xml"
File: overwriteflag=0, allowskipfilesflag=2, name="DefConfig.exe"
File: wrote 191816 to "D:\Nam3-HK1\Phan Mem Su Dung\BB FlashBack Pro 5\UploadProfiles\DefConfig.exe"
File: overwriteflag=0, allowskipfilesflag=2, name="Blip.tv.Publisher.dll"
File: wrote 249856 to "D:\Nam3-HK1\Phan Mem Su Dung\BB FlashBack Pro 5\UploadProfiles\Blip.tv.Publisher.dll"
File: overwriteflag=0, allowskipfilesflag=2, name="CoggnoPublisher.dll"
File: wrote 249856 to "D:\Nam3-HK1\Phan Mem Su Dung\BB FlashBack Pro 5\UploadProfiles\CoggnoPublisher.dll"
File: overwriteflag=0, allowskipfilesflag=2, name="FileCopyPublisher.dll"
File: wrote 237568 to "D:\Nam3-HK1\Phan Mem Su Dung\BB FlashBack Pro 5\UploadProfiles\FileCopyPublisher.dll"
File: overwriteflag=0, allowskipfilesflag=2, name="FtpPublisher.dll"
File: wrote 245760 to "D:\Nam3-HK1\Phan Mem Su Dung\BB FlashBack Pro 5\UploadProfiles\FtpPublisher.dll"
File: overwriteflag=0, allowskipfilesflag=2, name="PublishConfigurator.dll"
File: wrote 253952 to "D:\Nam3-HK1\Phan Mem Su Dung\BB FlashBack Pro 5\UploadProfiles\PublishConfigurator.dll"
File: overwriteflag=0, allowskipfilesflag=2, name="ViddlerPublisher.dll"
File: wrote 245760 to "D:\Nam3-HK1\Phan Mem Su Dung\BB FlashBack Pro 5\UploadProfiles\ViddlerPublisher.dll"
File: overwriteflag=0, allowskipfilesflag=2, name="YouTubePublisher.dll"
File: wrote 442368 to "D:\Nam3-HK1\Phan Mem Su Dung\BB FlashBack Pro 5\UploadProfiles\YouTubePublisher.dll"
WriteRegStr: "HKEY_LOCAL_MACHINE\SOFTWARE\Blueberry Software\BB FlashBack Pro 5\Components" "UploadProfiles"="1"
Section: ""
CreateDirectory: "D:\Nam3-HK1\Phan Mem Su Dung\BB FlashBack Pro 5\API" (1)
CreateDirectory: "D:\Nam3-HK1\Phan Mem Su Dung\BB FlashBack Pro 5\API" created
File: overwriteflag=0, allowskipfilesflag=2, name="FBAPI.txt"
File: wrote 9944 to "D:\Nam3-HK1\Phan Mem Su Dung\BB FlashBack Pro 5\API\FBAPI.txt"
CreateDirectory: "D:\Nam3-HK1\Phan Mem Su Dung\BB FlashBack Pro 5\API\FBAPIWrap" (1)
CreateDirectory: "D:\Nam3-HK1\Phan Mem Su Dung\BB FlashBack Pro 5\API\FBAPIWrap" created
File: overwriteflag=0, allowskipfilesflag=2, name="FBAPIWrap.h"
File: wrote 5385 to "D:\Nam3-HK1\Phan Mem Su Dung\BB FlashBack Pro 5\API\FBAPIWrap\FBAPIWrap.h"
File: overwriteflag=0, allowskipfilesflag=2, name="FBAPIWrap.cpp"
File: wrote 4645 to "D:\Nam3-HK1\Phan Mem Su Dung\BB FlashBack Pro 5\API\FBAPIWrap\FBAPIWrap.cpp"
CreateDirectory: "D:\Nam3-HK1\Phan Mem Su Dung\BB FlashBack Pro 5\API\TestApp" (1)
CreateDirectory: "D:\Nam3-HK1\Phan Mem Su Dung\BB FlashBack Pro 5\API\TestApp" created
File: overwriteflag=0, allowskipfilesflag=2, name="FBAPITestApp.bpr"
File: wrote 4616 to "D:\Nam3-HK1\Phan Mem Su Dung\BB FlashBack Pro 5\API\TestApp\FBAPITestApp.bpr"
File: overwriteflag=0, allowskipfilesflag=2, name="FBAPITestApp.cpp"
File: wrote 1181 to "D:\Nam3-HK1\Phan Mem Su Dung\BB FlashBack Pro 5\API\TestApp\FBAPITestApp.cpp"
File: overwriteflag=0, allowskipfilesflag=2, name="MainUnit.h"
File: wrote 3194 to "D:\Nam3-HK1\Phan Mem Su Dung\BB FlashBack Pro 5\API\TestApp\MainUnit.h"
File: overwriteflag=0, allowskipfilesflag=2, name="MainUnit.cpp"
File: wrote 9468 to "D:\Nam3-HK1\Phan Mem Su Dung\BB FlashBack Pro 5\API\TestApp\MainUnit.cpp"
File: overwriteflag=0, allowskipfilesflag=2, name="MainUnit.dfm"
File: wrote 6487 to "D:\Nam3-HK1\Phan Mem Su Dung\BB FlashBack Pro 5\API\TestApp\MainUnit.dfm"
File: overwriteflag=0, allowskipfilesflag=2, name="FBAPITestApp.exe"
File: wrote 494592 to "D:\Nam3-HK1\Phan Mem Su Dung\BB FlashBack Pro 5\API\TestApp\FBAPITestApp.exe"
WriteRegStr: "HKEY_LOCAL_MACHINE\SOFTWARE\Blueberry Software\BB FlashBack Pro 5\Components" "TASpecificFiles"="1"
Section: ""
CreateDirectory: "D:\Nam3-HK1\Phan Mem Su Dung\BB FlashBack Pro 5\FBO" (1)
CreateDirectory: "D:\Nam3-HK1\Phan Mem Su Dung\BB FlashBack Pro 5\FBO" created
File: overwriteflag=0, allowskipfilesflag=2, name="AWSSDK.dll"
File: wrote 6062080 to "D:\Nam3-HK1\Phan Mem Su Dung\BB FlashBack Pro 5\FBO\AWSSDK.dll"
File: overwriteflag=0, allowskipfilesflag=2, name="Blueberry.Logger.dll"
File: wrote 6144 to "D:\Nam3-HK1\Phan Mem Su Dung\BB FlashBack Pro 5\FBO\Blueberry.Logger.dll"
File: overwriteflag=0, allowskipfilesflag=2, name="Blueberry.S3FileTransfer.dll"
File: wrote 83968 to "D:\Nam3-HK1\Phan Mem Su Dung\BB FlashBack Pro 5\FBO\Blueberry.S3FileTransfer.dll"
File: overwriteflag=0, allowskipfilesflag=2, name="Blueberry.TDFHandler.dll"
File: wrote 11776 to "D:\Nam3-HK1\Phan Mem Su Dung\BB FlashBack Pro 5\FBO\Blueberry.TDFHandler.dll"
File: overwriteflag=0, allowskipfilesflag=2, name="default.ExportToFLV.xml"
File: wrote 6122 to "D:\Nam3-HK1\Phan Mem Su Dung\BB FlashBack Pro 5\FBO\default.ExportToFLV.xml"
File: overwriteflag=0, allowskipfilesflag=2, name="FTSClient.dll"
File: wrote 35328 to "D:\Nam3-HK1\Phan Mem Su Dung\BB FlashBack Pro 5\FBO\FTSClient.dll"
File: overwriteflag=0, allowskipfilesflag=2, name="FTSUploadAgent.exe"
File: wrote 37704 to "D:\Nam3-HK1\Phan Mem Su Dung\BB FlashBack Pro 5\FBO\FTSUploadAgent.exe"
File: overwriteflag=0, allowskipfilesflag=2, name="FTSUploadAgent.exe.config"
File: wrote 422 to "D:\Nam3-HK1\Phan Mem Su Dung\BB FlashBack Pro 5\FBO\FTSUploadAgent.exe.config"
File: overwriteflag=0, allowskipfilesflag=2, name="LogSys.Client.NET35.dll"
File: wrote 159232 to "D:\Nam3-HK1\Phan Mem Su Dung\BB FlashBack Pro 5\FBO\LogSys.Client.NET35.dll"
WriteRegStr: "HKEY_LOCAL_MACHINE\SOFTWARE\Blueberry Software\BB FlashBack Pro 5\Components" "FBOFiles"="1"
Section: ""
WriteRegStr: "HKEY_LOCAL_MACHINE\SOFTWARE\Blueberry Software\BB FlashBack Pro 5" "Path"="D:\Nam3-HK1\Phan Mem Su Dung\BB FlashBack Pro 5"
CreateDirectory: "D:\Nam3-HK1\Phan Mem Su Dung\BB FlashBack Pro 5" (1)
WriteRegStr: "HKEY_CLASSES_ROOT\Applications\LogSysServer.exe" "NoStartPage"=""
WriteRegStr: "HKEY_CLASSES_ROOT\Applications\FlashBack Batch Export.exe" "NoStartPage"=""
CreateDirectory: "C:\ProgramData\Microsoft\Windows\Start Menu\Programs\Blueberry Software\BB FlashBack Pro 5" (1)
CreateDirectory: "C:\ProgramData\Microsoft\Windows\Start Menu\Programs\Blueberry Software" created
CreateDirectory: "C:\ProgramData\Microsoft\Windows\Start Menu\Programs\Blueberry Software\BB FlashBack Pro 5" created
CreateShortCut: out: "C:\ProgramData\Microsoft\Windows\Start Menu\Programs\Blueberry Software\BB FlashBack Pro 5\BB FlashBack Pro 5 Player.lnk", in: "D:\Nam3-HK1\Phan Mem Su Dung\BB FlashBack Pro 5\FlashBack Player.exe ", icon: ,0, sw=0, hk=0
CreateShortCut: out: "C:\ProgramData\Microsoft\Windows\Start Menu\Programs\Blueberry Software\BB FlashBack Pro 5\BB FlashBack Pro 5 Recorder.lnk", in: "D:\Nam3-HK1\Phan Mem Su Dung\BB FlashBack Pro 5\FlashBack Recorder.exe ", icon: ,0, sw=0, hk=0
CreateShortCut: out: "C:\ProgramData\Microsoft\Windows\Start Menu\Programs\Blueberry Software\BB FlashBack Pro 5\BB FlashBack Pro 5 Batch Export.lnk", in: "D:\Nam3-HK1\Phan Mem Su Dung\BB FlashBack Pro 5\FlashBack Batch Export.exe ", icon: ,0, sw=0, hk=0
CreateShortCut: out: "C:\ProgramData\Microsoft\Windows\Start Menu\Programs\Blueberry Software\BB FlashBack Pro 5\BB FlashBack Pro 5 Help.lnk", in: "D:\Nam3-HK1\Phan Mem Su Dung\BB FlashBack Pro 5\BB FlashBack Pro 5 Help.chm ", icon: ,0, sw=0, hk=0
CreateDirectory: "C:\ProgramData\Microsoft\Windows\Start Menu\Programs\Blueberry Software\BB FlashBack Pro 5\Support" (1)
CreateDirectory: "C:\ProgramData\Microsoft\Windows\Start Menu\Programs\Blueberry Software\BB FlashBack Pro 5\Support" created
CreateShortCut: out: "C:\ProgramData\Microsoft\Windows\Start Menu\Programs\Blueberry Software\BB FlashBack Pro 5\Support\Report Problem to Blueberry.lnk", in: "D:\Nam3-HK1\Phan Mem Su Dung\BB FlashBack Pro 5\LogSysServer.exe -a "D:\Nam3-HK1\Phan Mem Su Dung\BB FlashBack Pro 5\BB FlashBack Pro 5"", icon: D:\Nam3-HK1\Phan Mem Su Dung\BB FlashBack Pro 5\FlashBackInstall.dll,2, sw=0, hk=0
CreateShortCut: out: "C:\ProgramData\Microsoft\Windows\Start Menu\Programs\Blueberry Software\BB FlashBack Pro 5\Support\Enable Logging Autorun.lnk", in: "D:\Nam3-HK1\Phan Mem Su Dung\BB FlashBack Pro 5\LogSysServer.exe -se "BB FlashBack Pro 5"", icon: D:\Nam3-HK1\Phan Mem Su Dung\BB FlashBack Pro 5\FlashBackInstall.dll,1, sw=0, hk=0
CreateShortCut: out: "C:\ProgramData\Microsoft\Windows\Start Menu\Programs\Blueberry Software\BB FlashBack Pro 5\Support\Help on Problem Reporting.lnk", in: "C:\Windows\hh.exe "D:\Nam3-HK1\Phan Mem Su Dung\BB FlashBack Pro 5\BB FlashBack Pro 5 Help.chm::/html/Reporting_Problems.htm"", icon: ,0, sw=0, hk=0
CreateDirectory: "C:\ProgramData\Microsoft\Windows\Start Menu\Programs\Blueberry Software\BB FlashBack Pro 5" (1)
CreateShortCut: out: "C:\ProgramData\Microsoft\Windows\Start Menu\Programs\Blueberry Software\BB FlashBack Pro 5\Uninstall BB FlashBack Pro 5.lnk", in: "D:\Nam3-HK1\Phan Mem Su Dung\BB FlashBack Pro 5\uninstall.exe ", icon: ,0, sw=0, hk=0
CreateShortCut: out: "C:\Users\Public\Desktop\BB FlashBack Pro 5 Player.lnk", in: "D:\Nam3-HK1\Phan Mem Su Dung\BB FlashBack Pro 5\FlashBack Player.exe ", icon: ,0, sw=0, hk=0
CreateShortCut: out: "C:\Users\Public\Desktop\BB FlashBack Pro 5 Recorder.lnk", in: "D:\Nam3-HK1\Phan Mem Su Dung\BB FlashBack Pro 5\FlashBack Recorder.exe ", icon: ,0, sw=0, hk=0
WriteRegStr: "HKEY_LOCAL_MACHINE\SOFTWARE\Blueberry Software\BB FlashBack Pro 5" "StartMenuGroup"="Blueberry Software\BB FlashBack Pro 5"
WriteRegStr: "HKEY_LOCAL_MACHINE\SOFTWARE\Microsoft\Windows\CurrentVersion\Uninstall\BB FlashBack Pro 5" "DisplayName"="BB FlashBack Pro 5"
WriteRegStr: "HKEY_LOCAL_MACHINE\SOFTWARE\Microsoft\Windows\CurrentVersion\Uninstall\BB FlashBack Pro 5" "DisplayVersion"="5.9.0.3678"
WriteRegStr: "HKEY_LOCAL_MACHINE\SOFTWARE\Microsoft\Windows\CurrentVersion\Uninstall\BB FlashBack Pro 5" "Publisher"="Blueberry"
WriteRegStr: "HKEY_LOCAL_MACHINE\SOFTWARE\Microsoft\Windows\CurrentVersion\Uninstall\BB FlashBack Pro 5" "URLInfoAbout"="http://www.bbflashback.com/"
WriteRegStr: "HKEY_LOCAL_MACHINE\SOFTWARE\Microsoft\Windows\CurrentVersion\Uninstall\BB FlashBack Pro 5" "DisplayIcon"="D:\Nam3-HK1\Phan Mem Su Dung\BB FlashBack Pro 5\uninstall.exe"
WriteRegStr: "HKEY_LOCAL_MACHINE\SOFTWARE\Microsoft\Windows\CurrentVersion\Uninstall\BB FlashBack Pro 5" "UninstallString"="D:\Nam3-HK1\Phan Mem Su Dung\BB FlashBack Pro 5\uninstall.exe"
WriteRegDWORD: "HKEY_LOCAL_MACHINE\SOFTWARE\Microsoft\Windows\CurrentVersion\Uninstall\BB FlashBack Pro 5" "NoModify"="0x00000001"
WriteRegDWORD: "HKEY_LOCAL_MACHINE\SOFTWARE\Microsoft\Windows\CurrentVersion\Uninstall\BB FlashBack Pro 5" "NoRepair"="0x00000001"
WriteRegStr: "HKEY_LOCAL_MACHINE\SOFTWARE\Microsoft\Windows\CurrentVersion\Uninstall\BB FlashBack Pro 5" "InstallLocation"="D:\Nam3-HK1\Phan Mem Su Dung\BB FlashBack Pro 5"
WriteRegDWORD: "HKEY_LOCAL_MACHINE\SOFTWARE\Microsoft\Windows\CurrentVersion\Uninstall\BB FlashBack Pro 5" "VersionMajor"="0x00000005"
WriteRegDWORD: "HKEY_LOCAL_MACHINE\SOFTWARE\Microsoft\Windows\CurrentVersion\Uninstall\BB FlashBack Pro 5" "VersionMinor"="0x00000009"
Call: 1363
WriteRegStr: "HKEY_CLASSES_ROOT\.fbr" ""="BB FlashBack Movie"
WriteRegStr: "HKEY_CLASSES_ROOT\BB FlashBack Movie" ""="BB FlashBack Movie"
WriteRegStr: "HKEY_CLASSES_ROOT\BB FlashBack Movie\shell" ""="open"
WriteRegStr: "HKEY_CLASSES_ROOT\BB FlashBack Movie\DefaultIcon" ""="D:\Nam3-HK1\Phan Mem Su Dung\BB FlashBack Pro 5\FlashBack Player.exe,0"
WriteRegStr: "HKEY_CLASSES_ROOT\BB FlashBack Movie\shell\open\command" ""=""D:\Nam3-HK1\Phan Mem Su Dung\BB FlashBack Pro 5\FlashBack Player.exe" "%1""
WriteRegStr: "HKEY_CLASSES_ROOT\BB FlashBack Movie\shell\edit" ""="Edit BB FlashBack Movie"
WriteRegStr: "HKEY_CLASSES_ROOT\BB FlashBack Movie\shell\edit\command" ""=""D:\Nam3-HK1\Phan Mem Su Dung\BB FlashBack Pro 5\FlashBack Player.exe" "%1""
Jump: 1398
CreateDirectory: "D:\Nam3-HK1\Phan Mem Su Dung\BB FlashBack Pro 5" (1)
Call: 2040
File: overwriteflag=1, allowskipfilesflag=0, name="C:\Users\lehuu\AppData\Local\Temp\nsi64A2.tmp\System.dll"
File: skipped: "C:\Users\lehuu\AppData\Local\Temp\nsi64A2.tmp\System.dll" (overwriteflag=1)
Call: 2040
File: overwriteflag=1, allowskipfilesflag=0, name="C:\Users\lehuu\AppData\Local\Temp\nsi64A2.tmp\System.dll"
File: skipped: "C:\Users\lehuu\AppData\Local\Temp\nsi64A2.tmp\System.dll" (overwriteflag=1)
Call: 2040
File: overwriteflag=1, allowskipfilesflag=0, name="C:\Users\lehuu\AppData\Local\Temp\nsi64A2.tmp\System.dll"
File: skipped: "C:\Users\lehuu\AppData\Local\Temp\nsi64A2.tmp\System.dll" (overwriteflag=1)
Call: 2040
File: overwriteflag=1, allowskipfilesflag=0, name="C:\Users\lehuu\AppData\Local\Temp\nsi64A2.tmp\System.dll"
File: skipped: "C:\Users\lehuu\AppData\Local\Temp\nsi64A2.tmp\System.dll" (overwriteflag=1)
Call: 2040
File: overwriteflag=1, allowskipfilesflag=0, name="C:\Users\lehuu\AppData\Local\Temp\nsi64A2.tmp\System.dll"
File: skipped: "C:\Users\lehuu\AppData\Local\Temp\nsi64A2.tmp\System.dll" (overwriteflag=1)
Call: 2040
File: overwriteflag=1, allowskipfilesflag=0, name="C:\Users\lehuu\AppData\Local\Temp\nsi64A2.tmp\System.dll"
File: skipped: "C:\Users\lehuu\AppData\Local\Temp\nsi64A2.tmp\System.dll" (overwriteflag=1)
Call: 2040
File: overwriteflag=1, allowskipfilesflag=0, name="C:\Users\lehuu\AppData\Local\Temp\nsi64A2.tmp\System.dll"
File: skipped: "C:\Users\lehuu\AppData\Local\Temp\nsi64A2.tmp\System.dll" (overwriteflag=1)
Call: 2040
File: overwriteflag=1, allowskipfilesflag=0, name="C:\Users\lehuu\AppData\Local\Temp\nsi64A2.tmp\System.dll"
File: skipped: "C:\Users\lehuu\AppData\Local\Temp\nsi64A2.tmp\System.dll" (overwriteflag=1)
Call: 2040
File: overwriteflag=1, allowskipfilesflag=0, name="C:\Users\lehuu\AppData\Local\Temp\nsi64A2.tmp\System.dll"
File: skipped: "C:\Users\lehuu\AppData\Local\Temp\nsi64A2.tmp\System.dll" (overwriteflag=1)
Call: 2040
File: overwriteflag=1, allowskipfilesflag=0, name="C:\Users\lehuu\AppData\Local\Temp\nsi64A2.tmp\System.dll"
File: skipped: "C:\Users\lehuu\AppData\Local\Temp\nsi64A2.tmp\System.dll" (overwriteflag=1)
Call: 2040
File: overwriteflag=1, allowskipfilesflag=0, name="C:\Users\lehuu\AppData\Local\Temp\nsi64A2.tmp\System.dll"
File: skipped: "C:\Users\lehuu\AppData\Local\Temp\nsi64A2.tmp\System.dll" (overwriteflag=1)
Call: 2040
File: overwriteflag=1, allowskipfilesflag=0, name="C:\Users\lehuu\AppData\Local\Temp\nsi64A2.tmp\System.dll"
File: skipped: "C:\Users\lehuu\AppData\Local\Temp\nsi64A2.tmp\System.dll" (overwriteflag=1)
Call: 2040
File: overwriteflag=1, allowskipfilesflag=0, name="C:\Users\lehuu\AppData\Local\Temp\nsi64A2.tmp\System.dll"
File: skipped: "C:\Users\lehuu\AppData\Local\Temp\nsi64A2.tmp\System.dll" (overwriteflag=1)
Call: 2040
File: overwriteflag=1, allowskipfilesflag=0, name="C:\Users\lehuu\AppData\Local\Temp\nsi64A2.tmp\System.dll"
File: skipped: "C:\Users\lehuu\AppData\Local\Temp\nsi64A2.tmp\System.dll" (overwriteflag=1)
Call: 2040
File: overwriteflag=1, allowskipfilesflag=0, name="C:\Users\lehuu\AppData\Local\Temp\nsi64A2.tmp\System.dll"
File: skipped: "C:\Users\lehuu\AppData\Local\Temp\nsi64A2.tmp\System.dll" (overwriteflag=1)
Call: 2040
File: overwriteflag=1, allowskipfilesflag=0, name="C:\Users\lehuu\AppData\Local\Temp\nsi64A2.tmp\System.dll"
File: skipped: "C:\Users\lehuu\AppData\Local\Temp\nsi64A2.tmp\System.dll" (overwriteflag=1)
Call: 2040
File: overwriteflag=1, allowskipfilesflag=0, name="C:\Users\lehuu\AppData\Local\Temp\nsi64A2.tmp\System.dll"
File: skipped: "C:\Users\lehuu\AppData\Local\Temp\nsi64A2.tmp\System.dll" (overwriteflag=1)
Call: 2040
File: overwriteflag=1, allowskipfilesflag=0, name="C:\Users\lehuu\AppData\Local\Temp\nsi64A2.tmp\System.dll"
File: skipped: "C:\Users\lehuu\AppData\Local\Temp\nsi64A2.tmp\System.dll" (overwriteflag=1)
Call: 2040
File: overwriteflag=1, allowskipfilesflag=2, name="C:\Users\lehuu\AppData\Local\Temp\nsi64A2.tmp\nsExec.dll"
File: wrote 6656 to "C:\Users\lehuu\AppData\Local\Temp\nsi64A2.tmp\nsExec.dll"
Call: 2040
File: overwriteflag=1, allowskipfilesflag=0, name="C:\Users\lehuu\AppData\Local\Temp\nsi64A2.tmp\nsExec.dll"
File: skipped: "C:\Users\lehuu\AppData\Local\Temp\nsi64A2.tmp\nsExec.dll" (overwriteflag=1)
Call: 2040
File: overwriteflag=1, allowskipfilesflag=0, name="C:\Users\lehuu\AppData\Local\Temp\nsi64A2.tmp\nsExec.dll"
File: skipped: "C:\Users\lehuu\AppData\Local\Temp\nsi64A2.tmp\nsExec.dll" (overwriteflag=1)
Call: 2040
File: overwriteflag=1, allowskipfilesflag=0, name="C:\Users\lehuu\AppData\Local\Temp\nsi64A2.tmp\nsExec.dll"
File: skipped: "C:\Users\lehuu\AppData\Local\Temp\nsi64A2.tmp\nsExec.dll" (overwriteflag=1)
Call: 2040
File: overwriteflag=1, allowskipfilesflag=0, name="C:\Users\lehuu\AppData\Local\Temp\nsi64A2.tmp\nsExec.dll"
File: skipped: "C:\Users\lehuu\AppData\Local\Temp\nsi64A2.tmp\nsExec.dll" (overwriteflag=1)
Call: 2040
File: overwriteflag=1, allowskipfilesflag=0, name="C:\Users\lehuu\AppData\Local\Temp\nsi64A2.tmp\nsExec.dll"
File: skipped: "C:\Users\lehuu\AppData\Local\Temp\nsi64A2.tmp\nsExec.dll" (overwriteflag=1)
Call: 2040
File: overwriteflag=1, allowskipfilesflag=0, name="C:\Users\lehuu\AppData\Local\Temp\nsi64A2.tmp\System.dll"
File: skipped: "C:\Users\lehuu\AppData\Local\Temp\nsi64A2.tmp\System.dll" (overwriteflag=1)
Call: 2040
File: overwriteflag=1, allowskipfilesflag=0, name="C:\Users\lehuu\AppData\Local\Temp\nsi64A2.tmp\System.dll"
File: skipped: "C:\Users\lehuu\AppData\Local\Temp\nsi64A2.tmp\System.dll" (overwriteflag=1)
File: overwriteflag=0, allowskipfilesflag=2, name="C:\Users\lehuu\AppData\Local\Temp\nsi64A2.tmp\StatPluginDll.dll"
File: wrote 53248 to "C:\Users\lehuu\AppData\Local\Temp\nsi64A2.tmp\StatPluginDll.dll"
Call: 2040
File: overwriteflag=1, allowskipfilesflag=0, name="C:\Users\lehuu\AppData\Local\Temp\nsi64A2.tmp\System.dll"
File: skipped: "C:\Users\lehuu\AppData\Local\Temp\nsi64A2.tmp\System.dll" (overwriteflag=1)
Jump: 227
WriteRegStr: "HKEY_LOCAL_MACHINE\SOFTWARE\Blueberry Software\BB FlashBack Pro 5" "InstallerLanguage"="1033"
Call: 2040
File: overwriteflag=1, allowskipfilesflag=0, name="C:\Users\lehuu\AppData\Local\Temp\nsi64A2.tmp\nsDialogs.dll"
File: skipped: "C:\Users\lehuu\AppData\Local\Temp\nsi64A2.tmp\nsDialogs.dll" (overwriteflag=1)
Call: 2040
File: overwriteflag=1, allowskipfilesflag=0, name="C:\Users\lehuu\AppData\Local\Temp\nsi64A2.tmp\nsDialogs.dll"
File: skipped: "C:\Users\lehuu\AppData\Local\Temp\nsi64A2.tmp\nsDialogs.dll" (overwriteflag=1)
Call: 2040
File: overwriteflag=1, allowskipfilesflag=0, name="C:\Users\lehuu\AppData\Local\Temp\nsi64A2.tmp\nsDialogs.dll"
File: skipped: "C:\Users\lehuu\AppData\Local\Temp\nsi64A2.tmp\nsDialogs.dll" (overwriteflag=1)
Call: 2040
File: overwriteflag=1, allowskipfilesflag=0, name="C:\Users\lehuu\AppData\Local\Temp\nsi64A2.tmp\System.dll"
File: skipped: "C:\Users\lehuu\AppData\Local\Temp\nsi64A2.tmp\System.dll" (overwriteflag=1)
Call: 2040
File: overwriteflag=1, allowskipfilesflag=0, name="C:\Users\lehuu\AppData\Local\Temp\nsi64A2.tmp\System.dll"
File: skipped: "C:\Users\lehuu\AppData\Local\Temp\nsi64A2.tmp\System.dll" (overwriteflag=1)
Call: 2040
File: overwriteflag=1, allowskipfilesflag=0, name="C:\Users\lehuu\AppData\Local\Temp\nsi64A2.tmp\System.dll"
File: skipped: "C:\Users\lehuu\AppData\Local\Temp\nsi64A2.tmp\System.dll" (overwriteflag=1)
Call: 2040
File: overwriteflag=1, allowskipfilesflag=0, name="C:\Users\lehuu\AppData\Local\Temp\nsi64A2.tmp\System.dll"
File: skipped: "C:\Users\lehuu\AppData\Local\Temp\nsi64A2.tmp\System.dll" (overwriteflag=1)
Call: 2040
File: overwriteflag=1, allowskipfilesflag=0, name="C:\Users\lehuu\AppData\Local\Temp\nsi64A2.tmp\System.dll"
File: skipped: "C:\Users\lehuu\AppData\Local\Temp\nsi64A2.tmp\System.dll" (overwriteflag=1)
Call: 2040
File: overwriteflag=1, allowskipfilesflag=0, name="C:\Users\lehuu\AppData\Local\Temp\nsi64A2.tmp\nsDialogs.dll"
File: skipped: "C:\Users\lehuu\AppData\Local\Temp\nsi64A2.tmp\nsDialogs.dll" (overwriteflag=1)
Call: 2040
File: overwriteflag=1, allowskipfilesflag=0, name="C:\Users\lehuu\AppData\Local\Temp\nsi64A2.tmp\nsDialogs.dll"
File: skipped: "C:\Users\lehuu\AppData\Local\Temp\nsi64A2.tmp\nsDialogs.dll" (overwriteflag=1)
Call: 2040
File: overwriteflag=1, allowskipfilesflag=0, name="C:\Users\lehuu\AppData\Local\Temp\nsi64A2.tmp\nsDialogs.dll"
File: skipped: "C:\Users\lehuu\AppData\Local\Temp\nsi64A2.tmp\nsDialogs.dll" (overwriteflag=1)
Call: 2040
File: overwriteflag=1, allowskipfilesflag=0, name="C:\Users\lehuu\AppData\Local\Temp\nsi64A2.tmp\System.dll"
File: skipped: "C:\Users\lehuu\AppData\Local\Temp\nsi64A2.tmp\System.dll" (overwriteflag=1)
Call: 2040
File: overwriteflag=1, allowskipfilesflag=0, name="C:\Users\lehuu\AppData\Local\Temp\nsi64A2.tmp\nsDialogs.dll"
File: skipped: "C:\Users\lehuu\AppData\Local\Temp\nsi64A2.tmp\nsDialogs.dll" (overwriteflag=1)
Call: 4
Call: 2040
File: overwriteflag=1, allowskipfilesflag=0, name="C:\Users\lehuu\AppData\Local\Temp\nsi64A2.tmp\nsDialogs.dll"
File: skipped: "C:\Users\lehuu\AppData\Local\Temp\nsi64A2.tmp\nsDialogs.dll" (overwriteflag=1)
Call: 14
Call: 2040
File: overwriteflag=1, allowskipfilesflag=0, name="C:\Users\lehuu\AppData\Local\Temp\nsi64A2.tmp\System.dll"
File: skipped: "C:\Users\lehuu\AppData\Local\Temp\nsi64A2.tmp\System.dll" (overwriteflag=1)
Call: 2040
File: overwriteflag=1, allowskipfilesflag=0, name="C:\Users\lehuu\AppData\Local\Temp\nsi64A2.tmp\System.dll"
File: skipped: "C:\Users\lehuu\AppData\Local\Temp\nsi64A2.tmp\System.dll" (overwriteflag=1)
Delete: DeleteFile("C:\Users\lehuu\AppData\Local\Temp\nsi64A2.tmp\AdvSplash.dll")
Delete: DeleteFile("C:\Users\lehuu\AppData\Local\Temp\nsi64A2.tmp\InstallOptions.dll")
Delete: DeleteFile("C:\Users\lehuu\AppData\Local\Temp\nsi64A2.tmp\links.ini")
Delete: DeleteFile("C:\Users\lehuu\AppData\Local\Temp\nsi64A2.tmp\modern-wizard.bmp")
Delete: DeleteFile("C:\Users\lehuu\AppData\Local\Temp\nsi64A2.tmp\nsDialogs.dll")
Delete: DeleteFile("C:\Users\lehuu\AppData\Local\Temp\nsi64A2.tmp\nsExec.dll")
Delete: DeleteFile("C:\Users\lehuu\AppData\Local\Temp\nsi64A2.tmp\Processes.dll")
Delete: DeleteFile("C:\Users\lehuu\AppData\Local\Temp\nsi64A2.tmp\RemPendingFileOp.dll")
Delete: DeleteFile("C:\Users\lehuu\AppData\Local\Temp\nsi64A2.tmp\spltmp.bmp")
Delete: DeleteFile("C:\Users\lehuu\AppData\Local\Temp\nsi64A2.tmp\StartMenu.dll")
Delete: DeleteFile("C:\Users\lehuu\AppData\Local\Temp\nsi64A2.tmp\StatPluginDll.dll")
Delete: DeleteFile on Reboot("C:\Users\lehuu\AppData\Local\Temp\nsi64A2.tmp\StatPluginDll.dll")
Delete: DeleteFile("C:\Users\lehuu\AppData\Local\Temp\nsi64A2.tmp\System.dll")
Delete: DeleteFile("C:\Users\lehuu\AppData\Local\Temp\nsi64A2.tmp\UserInfo.dll")
Delete: DeleteFile("C:\Users\lehuu\AppData\Local\Temp\nsi64A2.tmp\version.dll")
RMDir: RemoveDirectory("C:\Users\lehuu\AppData\Local\Temp\nsi64A2.tmp\")
RMDir: RemoveDirectory on Reboot("C:\Users\lehuu\AppData\Local\Temp\nsi64A2.tmp\")
